{"/home/adsellor/Projects/iterate/loadershim.js": {"path":"/home/adsellor/Projects/iterate/loadershim.js","statementMap":{"0":{"start":{"line":4,"column":0},"end":{"line":4,"column":37}},"1":{"start":{"line":6,"column":0},"end":{"line":6,"column":24}},"2":{"start":{"line":7,"column":0},"end":{"line":7,"column":22}},"3":{"start":{"line":8,"column":0},"end":{"line":8,"column":20}},"4":{"start":{"line":10,"column":0},"end":{"line":12,"column":1}}},"fnMap":{},"branchMap":{},"s":{"0":2,"1":2,"2":2,"3":2,"4":2},"f":{},"b":{},"_coverageSchema":"332fd63041d2c1bcb487cc26dd0d5f7d97098a6c","hash":"aa41a6b5a3391d6e6aa8bbd2227594889372f7cc"}
,"/home/adsellor/Projects/iterate/src/components/button.js": {"path":"/home/adsellor/Projects/iterate/src/components/button.js","statementMap":{"0":{"start":{"line":13,"column":15},"end":{"line":19,"column":1}},"1":{"start":{"line":14,"column":2},"end":{"line":18,"column":8}}},"fnMap":{"0":{"name":"(anonymous_0)","decl":{"start":{"line":13,"column":15},"end":{"line":13,"column":16}},"loc":{"start":{"line":14,"column":2},"end":{"line":18,"column":8}},"line":14}},"branchMap":{},"s":{"0":2,"1":6},"f":{"0":6},"b":{},"_coverageSchema":"332fd63041d2c1bcb487cc26dd0d5f7d97098a6c","hash":"d023149dfce81cf04848248154402602c6627816"}
,"/home/adsellor/Projects/iterate/src/components/header.js": {"path":"/home/adsellor/Projects/iterate/src/components/header.js","statementMap":{"0":{"start":{"line":8,"column":15},"end":{"line":28,"column":1}},"1":{"start":{"line":9,"column":2},"end":{"line":27,"column":8}}},"fnMap":{"0":{"name":"(anonymous_0)","decl":{"start":{"line":8,"column":15},"end":{"line":8,"column":16}},"loc":{"start":{"line":9,"column":2},"end":{"line":27,"column":8}},"line":9}},"branchMap":{},"s":{"0":1,"1":2},"f":{"0":2},"b":{},"_coverageSchema":"332fd63041d2c1bcb487cc26dd0d5f7d97098a6c","hash":"b9836689353b5ed21ded7ebf39ba9e22f81efd33"}
}
